<?xml version="1.0" encoding="UTF-8"?>
<testsuite xmlns:xsi="http://www.w3.org/2001/XMLSchema-instance" xsi:noNamespaceSchemaLocation="https://maven.apache.org/surefire/maven-surefire-plugin/xsd/surefire-test-report.xsd" version="3.0.2" name="me.kristiyandinev.PhoneSystem.PhoneSystemApplicationTests" time="5.897" tests="1" errors="0" skipped="0" failures="0">
  <properties>
[...]
</properties>
  <testcase name="contextLoads" classname="me.kristiyandinev.PhoneSystem.PhoneSystemApplicationTests" time="1.096">
    <system-out><![CDATA[16:16:27.653 [main] INFO org.springframework.test.context.support.AnnotationConfigContextLoaderUtils -- Could not detect default configuration classes for test class [me.kristiyandinev.PhoneSystem.PhoneSystemApplicationTests]: PhoneSystemApplicationTests does not declare any static, non-private, non-final, nested classes annotated with @Configuration.
16:16:27.848 [main] INFO org.springframework.boot.test.context.SpringBootTestContextBootstrapper -- Found @SpringBootConfiguration me.kristiyandinev.PhoneSystem.PhoneSystemApplication for test class me.kristiyandinev.PhoneSystem.PhoneSystemApplicationTests

  .   ____          _            __ _ _
 /\\ / ___'_ __ _ _(_)_ __  __ _ \ \ \ \
( ( )\___ | '_ | '_| | '_ \/ _` | \ \ \ \
 \\/  ___)| |_)| | | | | || (_| |  ) ) ) )
  '  |____| .__|_| |_|_| |_\__, | / / / /
 =========|_|==============|___/=/_/_/_/

 :: Spring Boot ::                (v3.4.3)

2025-03-21T16:16:28.660+02:00  INFO 12528 --- [PhoneSystem] [           main] m.k.P.PhoneSystemApplicationTests        : Starting PhoneSystemApplicationTests using Java 24 with PID 12528 (started by krisk in D:\Projects\PhoneSystem)
2025-03-21T16:16:28.663+02:00  INFO 12528 --- [PhoneSystem] [           main] m.k.P.PhoneSystemApplicationTests        : No active profile set, falling back to 1 default profile: "default"
2025-03-21T16:16:29.717+02:00  INFO 12528 --- [PhoneSystem] [           main] .s.d.r.c.RepositoryConfigurationDelegate : Bootstrapping Spring Data JDBC repositories in DEFAULT mode.
2025-03-21T16:16:29.769+02:00  INFO 12528 --- [PhoneSystem] [           main] .s.d.r.c.RepositoryConfigurationDelegate : Finished Spring Data repository scanning in 26 ms. Found 0 JDBC repository interfaces.
2025-03-21T16:16:30.362+02:00  INFO 12528 --- [PhoneSystem] [           main] com.zaxxer.hikari.HikariDataSource       : HikariPool-1 - Starting...
2025-03-21T16:16:30.694+02:00  INFO 12528 --- [PhoneSystem] [           main] com.zaxxer.hikari.pool.HikariPool        : HikariPool-1 - Added connection org.postgresql.jdbc.PgConnection@664212ab
2025-03-21T16:16:30.696+02:00  INFO 12528 --- [PhoneSystem] [           main] com.zaxxer.hikari.HikariDataSource       : HikariPool-1 - Start completed.
2025-03-21T16:16:31.888+02:00  WARN 12528 --- [PhoneSystem] [           main] .s.s.UserDetailsServiceAutoConfiguration : 

Using generated security password: 4c2818d5-5712-4334-8b23-d7b334aa55d0

This generated password is for development use only. Your security configuration must be updated before running your application in production.

2025-03-21T16:16:31.921+02:00  INFO 12528 --- [PhoneSystem] [           main] r$InitializeUserDetailsManagerConfigurer : Global AuthenticationManager configured with UserDetailsService bean with name inMemoryUserDetailsManager
2025-03-21T16:16:32.185+02:00  INFO 12528 --- [PhoneSystem] [           main] m.k.P.PhoneSystemApplicationTests        : Started PhoneSystemApplicationTests in 4.084 seconds (process running for 5.561)
]]></system-out>
    <system-err><![CDATA[Mockito is currently self-attaching to enable the inline-mock-maker. This will no longer work in future releases of the JDK. Please add Mockito as an agent to your build what is described in Mockito's documentation: https://javadoc.io/doc/org.mockito/mockito-core/latest/org/mockito/Mockito.html#0.3
WARNING: A Java agent has been loaded dynamically (C:\Users\krisk\.m2\repository\net\bytebuddy\byte-buddy-agent\1.15.11\byte-buddy-agent-1.15.11.jar)
WARNING: If a serviceability tool is in use, please run with -XX:+EnableDynamicAgentLoading to hide this warning
WARNING: If a serviceability tool is not in use, please run with -Djdk.instrument.traceUsage for more information
WARNING: Dynamic loading of agents will be disallowed by default in a future release
]]></system-err>
  </testcase>
</testsuite>